<?xml version="1.0" encoding="UTF-8"?>
<beans default-lazy-init="true"
   xmlns="http://www.springframework.org/schema/beans"
   xmlns:xsi="http://www.w3.org/2001/XMLSchema-instance"
   xmlns:p="http://www.springframework.org/schema/p"
   xsi:schemaLocation="http://www.springframework.org/schema/beans
      http://www.springframework.org/schema/beans/spring-beans-2.5.xsd">
<!--
    ********* DO NOT REMOVE THIS NOTICE **********
    COPYRIGHT(c)2011 RENEWTEK PTY LTD
    ********* DO NOT REMOVE THIS NOTICE **********
-->
   <bean class="org.springframework.beans.factory.config.PropertyPlaceholderConfigurer">
     <property name="ignoreUnresolvablePlaceholders" value="true" />
     <property name="systemPropertiesModeName" value="SYSTEM_PROPERTIES_MODE_OVERRIDE" />
     <property name="ignoreResourceNotFound" value="true" />
     <property name="locations">
        <list>
           <value>classpath:sla-core-test.properties</value>
        </list>
     </property>
   </bean>
   
   <bean id="baseClient" class="com.renewtek.service.BaseWSClient">
   	   <constructor-arg value="${kata.ws.account.username}"/>
       <constructor-arg value="${kata.ws.account.password}"/>
       <constructor-arg value="${kata.ws.base.url}"/>
       <constructor-arg value="${kata.ws.cache.manager}"/>
   </bean>
   
   <bean id="slaCaseTypeManagerDAO" class="com.renewtek.dao.ws.SLACaseTypeManagerWS">
       <constructor-arg>
          <bean class="com.renewtek.dao.ws.client.CaseTypeManagerClient">
             <constructor-arg value="${kata.ws.account.username}"/>
             <constructor-arg value="${kata.ws.account.password}"/>
             <constructor-arg value="${kata.ws.base.url}"/>
             <constructor-arg value="${kata.ws.cache.manager}"/>
          </bean>
       </constructor-arg>
    </bean>
    
   <bean id="slaUpdatePropertiesDAO" class="com.renewtek.service.impl.SLAUpdatePropertiesWS">
	   <constructor-arg ref="baseClient"/>
   </bean>
</beans>
